  Class_Definition.cpp
C:\Users\BlasterDinray\source\repos\CardGame\CardGame\Vector.h(10,28): warning C4244: '초기화 중': 'int'에서 'float'(으)로 변환하면서 데이터가 손실될 수 있습니다.
C:\Users\BlasterDinray\source\repos\CardGame\CardGame\Vector.h(10,35): warning C4244: '초기화 중': 'int'에서 'float'(으)로 변환하면서 데이터가 손실될 수 있습니다.
C:\Users\BlasterDinray\source\repos\CardGame\CardGame\Vector.h(15,93): warning C4244: '인수': 'float'에서 'int'(으)로 변환하면서 데이터가 손실될 수 있습니다.
C:\Users\BlasterDinray\source\repos\CardGame\CardGame\Vector.h(15,70): warning C4244: '인수': 'float'에서 'int'(으)로 변환하면서 데이터가 손실될 수 있습니다.
C:\Users\BlasterDinray\source\repos\CardGame\CardGame\Vector.h(16,93): warning C4244: '인수': 'float'에서 'int'(으)로 변환하면서 데이터가 손실될 수 있습니다.
C:\Users\BlasterDinray\source\repos\CardGame\CardGame\Vector.h(16,70): warning C4244: '인수': 'float'에서 'int'(으)로 변환하면서 데이터가 손실될 수 있습니다.
C:\Users\BlasterDinray\source\repos\CardGame\CardGame\GameSystem.h(46,54): warning C4244: '초기화 중': 'int'에서 'float'(으)로 변환하면서 데이터가 손실될 수 있습니다.
C:\Users\BlasterDinray\source\repos\CardGame\CardGame\GameSystem.h(46,81): warning C4244: '초기화 중': 'int'에서 'float'(으)로 변환하면서 데이터가 손실될 수 있습니다.
C:\Users\BlasterDinray\source\repos\CardGame\CardGame\GameSystem.h(46,95): warning C4244: '초기화 중': 'int'에서 'float'(으)로 변환하면서 데이터가 손실될 수 있습니다.
C:\Users\BlasterDinray\source\repos\CardGame\CardGame\Class_Definition.cpp(9,15): warning C4244: '=': 'int'에서 'float'(으)로 변환하면서 데이터가 손실될 수 있습니다.
C:\Users\BlasterDinray\source\repos\CardGame\CardGame\Class_Definition.cpp(75,68): warning C4244: '인수': 'float'에서 'int'(으)로 변환하면서 데이터가 손실될 수 있습니다.
C:\Users\BlasterDinray\source\repos\CardGame\CardGame\Class_Definition.cpp(75,48): warning C4244: '인수': 'float'에서 'int'(으)로 변환하면서 데이터가 손실될 수 있습니다.
C:\Users\BlasterDinray\source\repos\CardGame\CardGame\Class_Definition.cpp(76,68): warning C4244: '인수': 'float'에서 'int'(으)로 변환하면서 데이터가 손실될 수 있습니다.
C:\Users\BlasterDinray\source\repos\CardGame\CardGame\Class_Definition.cpp(76,48): warning C4244: '인수': 'float'에서 'int'(으)로 변환하면서 데이터가 손실될 수 있습니다.
C:\Users\BlasterDinray\source\repos\CardGame\CardGame\Class_Definition.cpp(77,37): warning C4244: '인수': 'float'에서 'int'(으)로 변환하면서 데이터가 손실될 수 있습니다.
C:\Users\BlasterDinray\source\repos\CardGame\CardGame\Class_Definition.cpp(77,31): warning C4244: '인수': 'float'에서 'int'(으)로 변환하면서 데이터가 손실될 수 있습니다.
C:\Users\BlasterDinray\source\repos\CardGame\CardGame\Class_Definition.cpp(77,25): warning C4244: '인수': 'float'에서 'int'(으)로 변환하면서 데이터가 손실될 수 있습니다.
C:\Users\BlasterDinray\source\repos\CardGame\CardGame\Class_Definition.cpp(77,19): warning C4244: '인수': 'float'에서 'int'(으)로 변환하면서 데이터가 손실될 수 있습니다.
C:\Users\BlasterDinray\source\repos\CardGame\CardGame\Class_Definition.cpp(80,74): warning C4244: '인수': 'float'에서 'int'(으)로 변환하면서 데이터가 손실될 수 있습니다.
C:\Users\BlasterDinray\source\repos\CardGame\CardGame\Class_Definition.cpp(80,50): warning C4244: '인수': 'float'에서 'int'(으)로 변환하면서 데이터가 손실될 수 있습니다.
C:\Users\BlasterDinray\source\repos\CardGame\CardGame\Class_Definition.cpp(81,74): warning C4244: '인수': 'float'에서 'int'(으)로 변환하면서 데이터가 손실될 수 있습니다.
C:\Users\BlasterDinray\source\repos\CardGame\CardGame\Class_Definition.cpp(81,50): warning C4244: '인수': 'float'에서 'int'(으)로 변환하면서 데이터가 손실될 수 있습니다.
C:\Users\BlasterDinray\source\repos\CardGame\CardGame\Class_Definition.cpp(89,23): warning C4244: '인수': 'float'에서 'int'(으)로 변환하면서 데이터가 손실될 수 있습니다.
C:\Users\BlasterDinray\source\repos\CardGame\CardGame\Class_Definition.cpp(89,17): warning C4244: '인수': 'float'에서 'int'(으)로 변환하면서 데이터가 손실될 수 있습니다.
C:\Users\BlasterDinray\source\repos\CardGame\CardGame\Class_Definition.cpp(90,23): warning C4244: '인수': 'float'에서 'int'(으)로 변환하면서 데이터가 손실될 수 있습니다.
C:\Users\BlasterDinray\source\repos\CardGame\CardGame\Class_Definition.cpp(90,17): warning C4244: '인수': 'float'에서 'int'(으)로 변환하면서 데이터가 손실될 수 있습니다.
C:\Users\BlasterDinray\source\repos\CardGame\CardGame\Class_Definition.cpp(142,20): warning C4244: '인수': 'ULONGLONG'에서 'DWORD'(으)로 변환하면서 데이터가 손실될 수 있습니다.
C:\Users\BlasterDinray\source\repos\CardGame\CardGame\Class_Definition.cpp(143,32): warning C4244: '=': 'ULONGLONG'에서 'DWORD'(으)로 변환하면서 데이터가 손실될 수 있습니다.
C:\Users\BlasterDinray\source\repos\CardGame\CardGame\Class_Definition.cpp(115,9): warning C4101: 'hBrush' :참조되지 않은 지역 변수입니다.
C:\Users\BlasterDinray\source\repos\CardGame\CardGame\Class_Definition.cpp(115,17): warning C4101: 'hOldBrush' :참조되지 않은 지역 변수입니다.
  CardGame.vcxproj -> C:\Users\BlasterDinray\source\repos\CardGame\Debug\CardGame.exe
