c:\users\blasterdinray\source\repos\cardgame\cardgame\debug\vc142.pdb
c:\users\blasterdinray\source\repos\cardgame\cardgame\debug\vc142.idb
c:\users\blasterdinray\source\repos\cardgame\cardgame\debug\function_definition.obj
c:\users\blasterdinray\source\repos\cardgame\cardgame\debug\class_definition.obj
c:\users\blasterdinray\source\repos\cardgame\cardgame\debug\main.obj
c:\users\blasterdinray\source\repos\cardgame\cardgame\debug\main.obj.enc
c:\users\blasterdinray\source\repos\cardgame\debug\cardgame.pdb
c:\users\blasterdinray\source\repos\cardgame\cardgame\debug\cardgame.tlog\cl.command.1.tlog
c:\users\blasterdinray\source\repos\cardgame\cardgame\debug\cardgame.tlog\cl.read.1.tlog
c:\users\blasterdinray\source\repos\cardgame\cardgame\debug\cardgame.tlog\cl.write.1.tlog
c:\users\blasterdinray\source\repos\cardgame\cardgame\debug\cardgame.tlog\link-cvtres.read.1.tlog
c:\users\blasterdinray\source\repos\cardgame\cardgame\debug\cardgame.tlog\link-cvtres.write.1.tlog
c:\users\blasterdinray\source\repos\cardgame\cardgame\debug\cardgame.tlog\link-rc.read.1.tlog
c:\users\blasterdinray\source\repos\cardgame\cardgame\debug\cardgame.tlog\link-rc.write.1.tlog
c:\users\blasterdinray\source\repos\cardgame\cardgame\debug\cardgame.tlog\link.33252-cvtres.read.1.tlog
c:\users\blasterdinray\source\repos\cardgame\cardgame\debug\cardgame.tlog\link.33252-cvtres.write.1.tlog
c:\users\blasterdinray\source\repos\cardgame\cardgame\debug\cardgame.tlog\link.33252-rc.read.1.tlog
c:\users\blasterdinray\source\repos\cardgame\cardgame\debug\cardgame.tlog\link.33252-rc.write.1.tlog
c:\users\blasterdinray\source\repos\cardgame\cardgame\debug\cardgame.tlog\link.33252.read.1.tlog
c:\users\blasterdinray\source\repos\cardgame\cardgame\debug\cardgame.tlog\link.33252.write.1.tlog
c:\users\blasterdinray\source\repos\cardgame\cardgame\debug\cardgame.tlog\link.command.1.tlog
c:\users\blasterdinray\source\repos\cardgame\cardgame\debug\cardgame.tlog\link.read.1.tlog
c:\users\blasterdinray\source\repos\cardgame\cardgame\debug\cardgame.tlog\link.write.1.tlog
